\BOOKMARK [1][-]{section.1}{Introduction}{}% 1
\BOOKMARK [2][-]{subsection.1.1}{Related work in attributed networks}{section.1}% 2
\BOOKMARK [2][-]{subsection.1.2}{Stochastic Block Models}{section.1}% 3
\BOOKMARK [1][-]{section.2}{Model}{}% 4
\BOOKMARK [2][-]{subsection.2.1}{Objective}{section.2}% 5
\BOOKMARK [2][-]{subsection.2.2}{Attribute Likelihood}{section.2}% 6
\BOOKMARK [2][-]{subsection.2.3}{Adjacency Matrix Likelihood}{section.2}% 7
\BOOKMARK [2][-]{subsection.2.4}{Inference}{section.2}% 8
\BOOKMARK [2][-]{subsection.2.5}{Initialization}{section.2}% 9
\BOOKMARK [1][-]{section.3}{Synthetic Data Results}{}% 10
\BOOKMARK [1][-]{section.4}{Using the fitted attributed SBM for link prediction and collaborative filtering}{}% 11
\BOOKMARK [2][-]{subsection.4.1}{Link Prediction Experiments}{section.4}% 12
\BOOKMARK [2][-]{subsection.4.2}{Collaborative Filtering Experiments}{section.4}% 13
\BOOKMARK [1][-]{section.5}{Applications in Biological Networks}{}% 14
\BOOKMARK [2][-]{subsection.5.1}{Microbiome Subject Similarity Results}{section.5}% 15
\BOOKMARK [2][-]{subsection.5.2}{Protein Interaction Network Results}{section.5}% 16
\BOOKMARK [1][-]{section.6}{Conclusion and future work}{}% 17
\BOOKMARK [1][-]{section*.12}{References}{}% 18
\BOOKMARK [1][-]{IEEEbiography.0}{Biographies}{}% 19
\BOOKMARK [2][-]{IEEEbiography.1}{Natalie Stanley}{IEEEbiography.0}% 20
\BOOKMARK [2][-]{IEEEbiography.2}{Thomas Bonacci}{IEEEbiography.0}% 21
\BOOKMARK [2][-]{IEEEbiography.3}{Roland Kwitt}{IEEEbiography.0}% 22
\BOOKMARK [2][-]{IEEEbiography.4}{Marc Niethammer}{IEEEbiography.0}% 23
\BOOKMARK [2][-]{IEEEbiography.5}{Peter J. Mucha}{IEEEbiography.0}% 24
